<?xml version="1.0" encoding="UTF-8"?>
<!-- Generated by org.testng.reporters.JUnitReportReporter -->
<testsuite skipped="0" hostname="DESKTOP-A9DN365" name="com.testNg.TestCases.testNgAnnotations3" tests="8" failures="0" timestamp="09 Nov 2021 03:56:20 GMT" time="0.032" errors="0">
  <testcase name="testCase4" time="0.008" classname="com.testNg.TestCases.testNgAnnotations3"/>
  <testcase name="testCase1" time="0.007" classname="com.testNg.TestCases.testNgAnnotations3"/>
  <testcase name="testCase6" time="0.004" classname="com.testNg.TestCases.testNgAnnotations3"/>
  <testcase name="testCase5" time="0.002" classname="com.testNg.TestCases.testNgAnnotations3"/>
  <testcase name="TestCase2" time="0.002" classname="com.testNg.TestCases.testNgAnnotations3"/>
  <testcase name="TestCase2" time="0.001" classname="com.testNg.TestCases.testNgAnnotations3"/>
  <testcase name="TestCase2" time="0.002" classname="com.testNg.TestCases.testNgAnnotations3"/>
  <testcase name="TestCase2" time="0.006" classname="com.testNg.TestCases.testNgAnnotations3"/>
</testsuite> <!-- com.testNg.TestCases.testNgAnnotations3 -->
