<?xml version="1.0" encoding="UTF-8"?>
<!-- Generated by org.testng.reporters.JUnitReportReporter -->
<testsuite skipped="0" hostname="DESKTOP-A9DN365" name="com.testNg.TestCases.testNgAnnotations" tests="2" failures="0" timestamp="09 Nov 2021 03:39:09 GMT" time="0.008" errors="0">
  <testcase name="testcase4" time="0.005" classname="com.testNg.TestCases.testNgAnnotations"/>
  <testcase name="testcase1" time="0.003" classname="com.testNg.TestCases.testNgAnnotations"/>
</testsuite> <!-- com.testNg.TestCases.testNgAnnotations -->
